headset/Library/Bee/Android/Prj/IL2CPP/Gradle/launcher/build/intermediates/manifest_merge_blame_file/release/manifest-merger-blame-release-report.txt
1<?xml version="1.0" encoding="utf-8"?>
2<manifest xmlns:android="http://schemas.android.com/apk/res/android"
3    package="com.AgileDevelopment.Controller_Test"
4    android:installLocation="auto"
5    android:versionCode="1"
6    android:versionName="0.1.5" >
7
8    <uses-sdk
9        android:minSdkVersion="23"
9-->src\main\AndroidManifest.xml
10        android:targetSdkVersion="29" />
10-->src\main\AndroidManifest.xml
11
12    <supports-screens
12-->src\main\AndroidManifest.xml:3:3-163
13        android:anyDensity="true"
13-->src\main\AndroidManifest.xml:3:135-160
14        android:largeScreens="true"
14-->src\main\AndroidManifest.xml:3:78-105
15        android:normalScreens="true"
15-->src\main\AndroidManifest.xml:3:49-77
16        android:smallScreens="true"
16-->src\main\AndroidManifest.xml:3:21-48
17        android:xlargeScreens="true" />
17-->src\main\AndroidManifest.xml:3:106-134
18
19    <uses-feature android:glEsVersion="0x00030000" />
19-->[:unityLibrary] AndroidManifest.xml:13:5-54
19-->[:unityLibrary] AndroidManifest.xml:13:19-51
20    <uses-feature
20-->[:unityLibrary] AndroidManifest.xml:14:5-16:36
21        android:name="android.hardware.vulkan.version"
21-->[:unityLibrary] AndroidManifest.xml:15:9-55
22        android:required="false" />
22-->[:unityLibrary] AndroidManifest.xml:16:9-33
23
24    <uses-permission android:name="android.permission.INTERNET" />
24-->[:unityLibrary] AndroidManifest.xml:18:5-67
24-->[:unityLibrary] AndroidManifest.xml:18:22-64
25    <uses-permission android:name="android.permission.RECORD_AUDIO" />
25-->[:unityLibrary] AndroidManifest.xml:19:5-71
25-->[:unityLibrary] AndroidManifest.xml:19:22-68
26    <uses-permission android:name="android.permission.MODIFY_AUDIO_SETTINGS" />
26-->[:unityLibrary] AndroidManifest.xml:20:5-80
26-->[:unityLibrary] AndroidManifest.xml:20:22-77
27
28    <uses-feature
28-->[:unityLibrary] AndroidManifest.xml:22:5-24:36
29        android:name="android.hardware.microphone"
29-->[:unityLibrary] AndroidManifest.xml:23:9-51
30        android:required="false" />
30-->[:unityLibrary] AndroidManifest.xml:24:9-33
31    <uses-feature
31-->[:unityLibrary] AndroidManifest.xml:25:5-27:36
32        android:name="android.hardware.touchscreen"
32-->[:unityLibrary] AndroidManifest.xml:26:9-52
33        android:required="false" />
33-->[:unityLibrary] AndroidManifest.xml:27:9-33
34    <uses-feature
34-->[:unityLibrary] AndroidManifest.xml:28:5-30:36
35        android:name="android.hardware.touchscreen.multitouch"
35-->[:unityLibrary] AndroidManifest.xml:29:9-63
36        android:required="false" />
36-->[:unityLibrary] AndroidManifest.xml:30:9-33
37    <uses-feature
37-->[:unityLibrary] AndroidManifest.xml:31:5-33:36
38        android:name="android.hardware.touchscreen.multitouch.distinct"
38-->[:unityLibrary] AndroidManifest.xml:32:9-72
39        android:required="false" />
39-->[:unityLibrary] AndroidManifest.xml:33:9-33
40    <uses-feature
40-->[:unityLibrary] AndroidManifest.xml:34:5-37:31
41        android:name="android.hardware.vr.headtracking"
41-->[:unityLibrary] AndroidManifest.xml:35:9-56
42        android:required="true"
42-->[:unityLibrary] AndroidManifest.xml:36:9-32
43        android:version="1" />
43-->[:unityLibrary] AndroidManifest.xml:37:9-28
44    <uses-feature
44-->[:unityLibrary] AndroidManifest.xml:38:5-40:36
45        android:name="oculus.software.handtracking"
45-->[:unityLibrary] AndroidManifest.xml:39:9-52
46        android:required="false" />
46-->[:unityLibrary] AndroidManifest.xml:40:9-33
47
48    <uses-permission android:name="com.oculus.permission.HAND_TRACKING" />
48-->[:unityLibrary] AndroidManifest.xml:42:5-75
48-->[:unityLibrary] AndroidManifest.xml:42:22-72
49
50    <uses-feature
50-->[:unityLibrary] AndroidManifest.xml:44:5-46:35
51        android:name="com.oculus.feature.PASSTHROUGH"
51-->[:unityLibrary] AndroidManifest.xml:45:9-54
52        android:required="true" />
52-->[:unityLibrary] AndroidManifest.xml:46:9-32
53
54    <application
54-->src\main\AndroidManifest.xml:4:3-83
55        android:allowBackup="false"
55-->[:unityLibrary] AndroidManifest.xml:49:9-36
56        android:extractNativeLibs="true"
56-->[:unityLibrary] AndroidManifest.xml:50:9-41
57        android:icon="@mipmap/app_icon"
57-->src\main\AndroidManifest.xml:4:49-80
58        android:label="@string/app_name"
58-->src\main\AndroidManifest.xml:4:16-48
59        android:networkSecurityConfig="@xml/network_sec_config" >
59-->[:unityLibrary] AndroidManifest.xml:53:9-64
60        <activity
60-->[:unityLibrary] AndroidManifest.xml:54:9-78:20
61            android:name="com.unity3d.player.UnityPlayerActivity"
61-->[:unityLibrary] AndroidManifest.xml:55:13-66
62            android:configChanges="keyboard|keyboardHidden|navigation|orientation|screenLayout|screenSize|uiMode"
62-->[:unityLibrary] AndroidManifest.xml:56:13-114
63            android:hardwareAccelerated="false"
63-->[:unityLibrary] AndroidManifest.xml:57:13-48
64            android:launchMode="singleTask"
64-->[:unityLibrary] AndroidManifest.xml:58:13-44
65            android:resizeableActivity="false"
65-->[:unityLibrary] AndroidManifest.xml:59:13-47
66            android:screenOrientation="landscape"
66-->[:unityLibrary] AndroidManifest.xml:60:13-50
67            android:theme="@android:style/Theme.Black.NoTitleBar.Fullscreen" >
67-->[:unityLibrary] AndroidManifest.xml:61:13-77
68            <intent-filter>
68-->[:unityLibrary] AndroidManifest.xml:62:13-67:29
69                <action android:name="android.intent.action.MAIN" />
69-->[:unityLibrary] AndroidManifest.xml:63:17-69
69-->[:unityLibrary] AndroidManifest.xml:63:25-66
70
71                <category android:name="android.intent.category.LAUNCHER" />
71-->[:unityLibrary] AndroidManifest.xml:65:17-77
71-->[:unityLibrary] AndroidManifest.xml:65:27-74
72                <category android:name="com.oculus.intent.category.VR" />
72-->[:unityLibrary] AndroidManifest.xml:66:17-74
72-->[:unityLibrary] AndroidManifest.xml:66:27-71
73            </intent-filter>
74
75            <meta-data
75-->[:unityLibrary] AndroidManifest.xml:69:13-71:40
76                android:name="unityplayer.UnityActivity"
76-->[:unityLibrary] AndroidManifest.xml:70:17-57
77                android:value="true" />
77-->[:unityLibrary] AndroidManifest.xml:71:17-37
78            <meta-data
78-->[:unityLibrary] AndroidManifest.xml:72:13-74:40
79                android:name="android.notch_support"
79-->[:unityLibrary] AndroidManifest.xml:73:17-53
80                android:value="true" />
80-->[:unityLibrary] AndroidManifest.xml:74:17-37
81            <meta-data
81-->[:unityLibrary] AndroidManifest.xml:75:13-77:40
82                android:name="com.oculus.vr.focusaware"
82-->[:unityLibrary] AndroidManifest.xml:76:17-56
83                android:value="true" />
83-->[:unityLibrary] AndroidManifest.xml:77:17-37
84        </activity>
85
86        <meta-data
86-->[:unityLibrary] AndroidManifest.xml:80:9-82:33
87            android:name="unity.splash-mode"
87-->[:unityLibrary] AndroidManifest.xml:81:13-45
88            android:value="0" />
88-->[:unityLibrary] AndroidManifest.xml:82:13-30
89        <meta-data
89-->[:unityLibrary] AndroidManifest.xml:83:9-85:36
90            android:name="unity.splash-enable"
90-->[:unityLibrary] AndroidManifest.xml:84:13-47
91            android:value="True" />
91-->[:unityLibrary] AndroidManifest.xml:85:13-33
92        <meta-data
92-->[:unityLibrary] AndroidManifest.xml:86:9-88:36
93            android:name="unity.launch-fullscreen"
93-->[:unityLibrary] AndroidManifest.xml:87:13-51
94            android:value="True" />
94-->[:unityLibrary] AndroidManifest.xml:88:13-33
95        <meta-data
95-->[:unityLibrary] AndroidManifest.xml:89:9-91:37
96            android:name="unity.allow-resizable-window"
96-->[:unityLibrary] AndroidManifest.xml:90:13-56
97            android:value="False" />
97-->[:unityLibrary] AndroidManifest.xml:91:13-34
98        <meta-data
98-->[:unityLibrary] AndroidManifest.xml:92:9-94:50
99            android:name="notch.config"
99-->[:unityLibrary] AndroidManifest.xml:93:13-40
100            android:value="portrait|landscape" />
100-->[:unityLibrary] AndroidManifest.xml:94:13-47
101        <meta-data
101-->[:unityLibrary] AndroidManifest.xml:95:9-97:35
102            android:name="com.oculus.handtracking.frequency"
102-->[:unityLibrary] AndroidManifest.xml:96:13-61
103            android:value="LOW" />
103-->[:unityLibrary] AndroidManifest.xml:97:13-32
104        <meta-data
104-->[:unityLibrary] AndroidManifest.xml:98:9-100:39
105            android:name="com.samsung.android.vr.application.mode"
105-->[:unityLibrary] AndroidManifest.xml:99:13-67
106            android:value="vr_only" />
106-->[:unityLibrary] AndroidManifest.xml:100:13-36
107        <meta-data
107-->[:unityLibrary] AndroidManifest.xml:101:9-103:37
108            android:name="com.unity.xr.oculus.LowOverheadMode"
108-->[:unityLibrary] AndroidManifest.xml:102:13-63
109            android:value="false" />
109-->[:unityLibrary] AndroidManifest.xml:103:13-34
110        <meta-data
110-->[:unityLibrary] AndroidManifest.xml:104:9-106:37
111            android:name="com.unity.xr.oculus.LateLatching"
111-->[:unityLibrary] AndroidManifest.xml:105:13-60
112            android:value="false" />
112-->[:unityLibrary] AndroidManifest.xml:106:13-34
113        <meta-data
113-->[:unityLibrary] AndroidManifest.xml:107:9-109:37
114            android:name="com.unity.xr.oculus.LateLatchingDebug"
114-->[:unityLibrary] AndroidManifest.xml:108:13-65
115            android:value="false" />
115-->[:unityLibrary] AndroidManifest.xml:109:13-34
116        <meta-data
116-->[:unityLibrary] AndroidManifest.xml:110:9-112:44
117            android:name="com.oculus.supportedDevices"
117-->[:unityLibrary] AndroidManifest.xml:111:13-55
118            android:value="quest|quest2" />
118-->[:unityLibrary] AndroidManifest.xml:112:13-41
119    </application>
120
121</manifest>